<?xml version="1.0" encoding="UTF-8"?>
<robot generator="Robot 5.0.1 (Python 3.10.5 on win32)" generated="20220623 10:06:57.327" rpa="false" schemaversion="3">
<suite id="s1" name="TestFramework" source="C:\Users\Steven\repos\vscode\TestFramework">
<suite id="s1-s1" name="Seleniumrobot" source="C:\Users\Steven\repos\vscode\TestFramework\seleniumrobot">
<suite id="s1-s1-s1" name="Tests" source="C:\Users\Steven\repos\vscode\TestFramework\seleniumrobot\tests">
<suite id="s1-s1-s1-s1" name="Guest Home Page" source="C:\Users\Steven\repos\vscode\TestFramework\seleniumrobot\tests\guest_home_page">
<suite id="s1-s1-s1-s1-s1" name="NavigationMenuTest" source="C:\Users\Steven\repos\vscode\TestFramework\seleniumrobot\tests\guest_home_page\NavigationMenuTest.robot">
<test id="s1-s1-s1-s1-s1-t1" name="Navigate to Home page" line="5">
<kw name="Open Firefox" library="guest_home_page_resources">
<kw name="Open Browser" library="SeleniumLibrary">
<arg>browser=Firefox</arg>
<doc>Opens a new browser instance to the optional ``url``.</doc>
<msg timestamp="20220623 10:06:57.525" level="INFO">Opening browser 'Firefox' to base url 'None'.</msg>
<msg timestamp="20220623 10:06:57.531" level="INFO">Firefox driver log is always forced to to: C:\Users\Steven\repos\vscode\TestFramework\Robot\Output\geckodriver-1.log</msg>
<status status="PASS" starttime="20220623 10:06:57.524" endtime="20220623 10:07:02.330"/>
</kw>
<status status="PASS" starttime="20220623 10:06:57.524" endtime="20220623 10:07:02.331"/>
</kw>
<kw name="Go To" library="SeleniumLibrary">
<arg>${homeUrl}</arg>
<doc>Navigates the current browser window to the provided ``url``.</doc>
<msg timestamp="20220623 10:07:02.332" level="INFO">Opening url 'https://www.linkedin.com/'</msg>
<status status="PASS" starttime="20220623 10:07:02.331" endtime="20220623 10:07:02.687"/>
</kw>
<kw name="Location Should Be" library="SeleniumLibrary">
<arg>${homeUrl}</arg>
<doc>Verifies that the current URL is exactly ``url``.</doc>
<msg timestamp="20220623 10:07:02.696" level="INFO">Current location is 'https://www.linkedin.com/'.</msg>
<status status="PASS" starttime="20220623 10:07:02.687" endtime="20220623 10:07:02.697"/>
</kw>
<kw name="Close Browser" library="SeleniumLibrary">
<doc>Closes the current browser.</doc>
<status status="PASS" starttime="20220623 10:07:02.698" endtime="20220623 10:07:03.211"/>
</kw>
<status status="PASS" starttime="20220623 10:06:57.511" endtime="20220623 10:07:03.211"/>
</test>
<status status="PASS" starttime="20220623 10:06:57.356" endtime="20220623 10:07:03.213"/>
</suite>
<status status="PASS" starttime="20220623 10:06:57.354" endtime="20220623 10:07:03.215"/>
</suite>
<status status="PASS" starttime="20220623 10:06:57.351" endtime="20220623 10:07:03.217"/>
</suite>
<status status="PASS" starttime="20220623 10:06:57.349" endtime="20220623 10:07:03.219"/>
</suite>
<status status="PASS" starttime="20220623 10:06:57.330" endtime="20220623 10:07:03.221"/>
</suite>
<statistics>
<total>
<stat pass="1" fail="0" skip="0">All Tests</stat>
</total>
<tag>
</tag>
<suite>
<stat pass="1" fail="0" skip="0" id="s1" name="TestFramework">TestFramework</stat>
<stat pass="1" fail="0" skip="0" id="s1-s1" name="Seleniumrobot">TestFramework.Seleniumrobot</stat>
<stat pass="1" fail="0" skip="0" id="s1-s1-s1" name="Tests">TestFramework.Seleniumrobot.Tests</stat>
<stat pass="1" fail="0" skip="0" id="s1-s1-s1-s1" name="Guest Home Page">TestFramework.Seleniumrobot.Tests.Guest Home Page</stat>
<stat pass="1" fail="0" skip="0" id="s1-s1-s1-s1-s1" name="NavigationMenuTest">TestFramework.Seleniumrobot.Tests.Guest Home Page.NavigationMenuTest</stat>
</suite>
</statistics>
<errors>
</errors>
</robot>
