<?xml version="1.0" encoding="UTF-8"?>
<robot generator="Robot 5.0.1 (Python 3.10.5 on win32)" generated="20220623 10:14:18.489" rpa="false" schemaversion="3">
<suite id="s1" name="TestFramework" source="C:\Users\Steven\repos\vscode\TestFramework">
<suite id="s1-s1" name="Seleniumrobot" source="C:\Users\Steven\repos\vscode\TestFramework\seleniumrobot">
<suite id="s1-s1-s1" name="Tests" source="C:\Users\Steven\repos\vscode\TestFramework\seleniumrobot\tests">
<suite id="s1-s1-s1-s1" name="Guest Home Page" source="C:\Users\Steven\repos\vscode\TestFramework\seleniumrobot\tests\guest_home_page">
<suite id="s1-s1-s1-s1-s1" name="NavigationMenuTest" source="C:\Users\Steven\repos\vscode\TestFramework\seleniumrobot\tests\guest_home_page\NavigationMenuTest.robot">
<test id="s1-s1-s1-s1-s1-t1" name="Click Discover in navigation menu" line="11">
<kw name="Open Firefox to homepage" library="guest_home_page_resources">
<kw name="Open Browser" library="SeleniumLibrary">
<arg>browser=Firefox</arg>
<arg>url=${homeUrl}</arg>
<doc>Opens a new browser instance to the optional ``url``.</doc>
<msg timestamp="20220623 10:14:18.672" level="INFO">Opening browser 'Firefox' to base url 'https://www.linkedin.com/'.</msg>
<msg timestamp="20220623 10:14:18.673" level="INFO">Firefox driver log is always forced to to: C:\Users\Steven\repos\vscode\TestFramework\seleniumrobot\output\geckodriver-7.log</msg>
<status status="PASS" starttime="20220623 10:14:18.671" endtime="20220623 10:14:23.763"/>
</kw>
<status status="PASS" starttime="20220623 10:14:18.671" endtime="20220623 10:14:23.763"/>
</kw>
<kw name="Click Discover" library="guest_home_page_resources">
<kw name="Click Element" library="SeleniumLibrary">
<arg>css:${discover}</arg>
<doc>Click the element identified by ``locator``.</doc>
<msg timestamp="20220623 10:14:23.765" level="INFO">Clicking element 'css:.top-nav-menu &gt; li:nth-child(1) &gt; a:nth-child(1)'.</msg>
<status status="PASS" starttime="20220623 10:14:23.764" endtime="20220623 10:14:24.326"/>
</kw>
<status status="PASS" starttime="20220623 10:14:23.763" endtime="20220623 10:14:24.326"/>
</kw>
<kw name="Location Should Contain" library="SeleniumLibrary">
<arg>expected=${discoverUrl}</arg>
<doc>Verifies that the current URL contains ``expected``.</doc>
<msg timestamp="20220623 10:14:24.330" level="INFO">Current location contains 'https://www.linkedin.com/pulse/'.</msg>
<status status="PASS" starttime="20220623 10:14:24.327" endtime="20220623 10:14:24.331"/>
</kw>
<kw name="Close Browser" library="SeleniumLibrary">
<doc>Closes the current browser.</doc>
<status status="PASS" starttime="20220623 10:14:24.332" endtime="20220623 10:14:24.876"/>
</kw>
<status status="PASS" starttime="20220623 10:14:18.661" endtime="20220623 10:14:24.877"/>
</test>
<status status="PASS" starttime="20220623 10:14:18.518" endtime="20220623 10:14:24.878"/>
</suite>
<status status="PASS" starttime="20220623 10:14:18.516" endtime="20220623 10:14:24.879"/>
</suite>
<status status="PASS" starttime="20220623 10:14:18.514" endtime="20220623 10:14:24.881"/>
</suite>
<status status="PASS" starttime="20220623 10:14:18.512" endtime="20220623 10:14:24.882"/>
</suite>
<status status="PASS" starttime="20220623 10:14:18.493" endtime="20220623 10:14:24.884"/>
</suite>
<statistics>
<total>
<stat pass="1" fail="0" skip="0">All Tests</stat>
</total>
<tag>
</tag>
<suite>
<stat pass="1" fail="0" skip="0" id="s1" name="TestFramework">TestFramework</stat>
<stat pass="1" fail="0" skip="0" id="s1-s1" name="Seleniumrobot">TestFramework.Seleniumrobot</stat>
<stat pass="1" fail="0" skip="0" id="s1-s1-s1" name="Tests">TestFramework.Seleniumrobot.Tests</stat>
<stat pass="1" fail="0" skip="0" id="s1-s1-s1-s1" name="Guest Home Page">TestFramework.Seleniumrobot.Tests.Guest Home Page</stat>
<stat pass="1" fail="0" skip="0" id="s1-s1-s1-s1-s1" name="NavigationMenuTest">TestFramework.Seleniumrobot.Tests.Guest Home Page.NavigationMenuTest</stat>
</suite>
</statistics>
<errors>
</errors>
</robot>
