<?xml version="1.0" encoding="UTF-8"?>
<robot generator="Robot 5.0.1 (Python 3.10.5 on win32)" generated="20220627 13:28:35.163" rpa="false" schemaversion="3">
<suite id="s1" name="Tests" source="C:\Users\Steven\repos\vscode\TestFramework\seleniumrobot\tests">
<suite id="s1-s1" name="Guest Home Page" source="C:\Users\Steven\repos\vscode\TestFramework\seleniumrobot\tests\guest_home_page">
<suite id="s1-s1-s1" name="NavigationMenuTest" source="C:\Users\Steven\repos\vscode\TestFramework\seleniumrobot\tests\guest_home_page\NavigationMenuTest.robot">
<test id="s1-s1-s1-t1" name="Click Discover in navigation menu" line="5">
<kw name="Open Home Page" library="guest_home_page_resources">
<kw name="Open Browser" library="SeleniumLibrary">
<arg>browser=Chrome</arg>
<arg>url=${home_url}</arg>
<arg>remote_url=${REMOTE_URL}</arg>
<arg>desired_capabilities=${DESIRED_CAPABILITIES}</arg>
<doc>Opens a new browser instance to the optional ``url``.</doc>
<msg timestamp="20220627 13:28:35.329" level="INFO">Opening browser 'Chrome' to base url 'https://www.linkedin.com/' through remote server at 'https://oauth-skaratisoglou-2f6a3:4a3771c3-91a8-4ba7-99e7-9aeb71c68aaa@ondemand.us-west-1.saucelabs.com:443/wd/hub'.</msg>
<status status="PASS" starttime="20220627 13:28:35.328" endtime="20220627 13:28:41.688"/>
</kw>
<status status="PASS" starttime="20220627 13:28:35.328" endtime="20220627 13:28:41.688"/>
</kw>
<kw name="Click Discover" library="guest_home_page_resources">
<kw name="Click Element" library="SeleniumLibrary">
<arg>css:${discover}</arg>
<doc>Click the element identified by ``locator``.</doc>
<msg timestamp="20220627 13:28:41.689" level="INFO">Clicking element 'css:.top-nav-menu &gt; li:nth-child(1) &gt; a:nth-child(1)'.</msg>
<status status="PASS" starttime="20220627 13:28:41.689" endtime="20220627 13:28:43.199"/>
</kw>
<status status="PASS" starttime="20220627 13:28:41.688" endtime="20220627 13:28:43.200"/>
</kw>
<kw name="Location Should Contain" library="SeleniumLibrary">
<arg>expected=${discover_url}</arg>
<doc>Verifies that the current URL contains ``expected``.</doc>
<msg timestamp="20220627 13:28:43.391" level="INFO">Current location contains 'https://www.linkedin.com/pulse/'.</msg>
<status status="PASS" starttime="20220627 13:28:43.200" endtime="20220627 13:28:43.391"/>
</kw>
<kw name="Close Browser" library="SeleniumLibrary">
<doc>Closes the current browser.</doc>
<status status="PASS" starttime="20220627 13:28:43.391" endtime="20220627 13:28:43.708"/>
</kw>
<status status="PASS" starttime="20220627 13:28:35.327" endtime="20220627 13:28:43.708"/>
</test>
<test id="s1-s1-s1-t2" name="Click People in navigation menu" line="11">
<kw name="Open Home Page" library="guest_home_page_resources">
<kw name="Open Browser" library="SeleniumLibrary">
<arg>browser=Chrome</arg>
<arg>url=${home_url}</arg>
<arg>remote_url=${REMOTE_URL}</arg>
<arg>desired_capabilities=${DESIRED_CAPABILITIES}</arg>
<doc>Opens a new browser instance to the optional ``url``.</doc>
<msg timestamp="20220627 13:28:43.710" level="INFO">Opening browser 'Chrome' to base url 'https://www.linkedin.com/' through remote server at 'https://oauth-skaratisoglou-2f6a3:4a3771c3-91a8-4ba7-99e7-9aeb71c68aaa@ondemand.us-west-1.saucelabs.com:443/wd/hub'.</msg>
<status status="PASS" starttime="20220627 13:28:43.709" endtime="20220627 13:28:51.579"/>
</kw>
<status status="PASS" starttime="20220627 13:28:43.709" endtime="20220627 13:28:51.579"/>
</kw>
<kw name="Click People" library="guest_home_page_resources">
<kw name="Click Element" library="SeleniumLibrary">
<arg>css:${people}</arg>
<doc>Click the element identified by ``locator``.</doc>
<msg timestamp="20220627 13:28:51.580" level="INFO">Clicking element 'css:.top-nav-menu &gt; li:nth-child(2) &gt; a:nth-child(1)'.</msg>
<status status="PASS" starttime="20220627 13:28:51.579" endtime="20220627 13:28:55.605"/>
</kw>
<status status="PASS" starttime="20220627 13:28:51.579" endtime="20220627 13:28:55.605"/>
</kw>
<kw name="Location Should Contain" library="SeleniumLibrary">
<arg>expected=${people_url}</arg>
<doc>Verifies that the current URL contains ``expected``.</doc>
<msg timestamp="20220627 13:28:55.774" level="INFO">Current location contains 'https://www.linkedin.com/pub/'.</msg>
<status status="PASS" starttime="20220627 13:28:55.605" endtime="20220627 13:28:55.775"/>
</kw>
<kw name="Close Browser" library="SeleniumLibrary">
<doc>Closes the current browser.</doc>
<status status="PASS" starttime="20220627 13:28:55.775" endtime="20220627 13:28:56.177"/>
</kw>
<status status="PASS" starttime="20220627 13:28:43.709" endtime="20220627 13:28:56.177"/>
</test>
<test id="s1-s1-s1-t3" name="Click Learning in navigation menu" line="17">
<kw name="Open Home Page" library="guest_home_page_resources">
<kw name="Open Browser" library="SeleniumLibrary">
<arg>browser=Chrome</arg>
<arg>url=${home_url}</arg>
<arg>remote_url=${REMOTE_URL}</arg>
<arg>desired_capabilities=${DESIRED_CAPABILITIES}</arg>
<doc>Opens a new browser instance to the optional ``url``.</doc>
<msg timestamp="20220627 13:28:56.179" level="INFO">Opening browser 'Chrome' to base url 'https://www.linkedin.com/' through remote server at 'https://oauth-skaratisoglou-2f6a3:4a3771c3-91a8-4ba7-99e7-9aeb71c68aaa@ondemand.us-west-1.saucelabs.com:443/wd/hub'.</msg>
<status status="PASS" starttime="20220627 13:28:56.178" endtime="20220627 13:29:02.303"/>
</kw>
<status status="PASS" starttime="20220627 13:28:56.178" endtime="20220627 13:29:02.303"/>
</kw>
<kw name="Click Learning" library="guest_home_page_resources">
<kw name="Click Element" library="SeleniumLibrary">
<arg>css:${learning}</arg>
<doc>Click the element identified by ``locator``.</doc>
<msg timestamp="20220627 13:29:02.304" level="INFO">Clicking element 'css:.top-nav-menu &gt; li:nth-child(3) &gt; a:nth-child(1)'.</msg>
<status status="PASS" starttime="20220627 13:29:02.304" endtime="20220627 13:29:05.616"/>
</kw>
<status status="PASS" starttime="20220627 13:29:02.303" endtime="20220627 13:29:05.616"/>
</kw>
<kw name="Location Should Contain" library="SeleniumLibrary">
<arg>expected=${learning_url}</arg>
<doc>Verifies that the current URL contains ``expected``.</doc>
<msg timestamp="20220627 13:29:05.793" level="INFO">Current location contains 'https://www.linkedin.com/learning/'.</msg>
<status status="PASS" starttime="20220627 13:29:05.617" endtime="20220627 13:29:05.793"/>
</kw>
<kw name="Close Browser" library="SeleniumLibrary">
<doc>Closes the current browser.</doc>
<status status="PASS" starttime="20220627 13:29:05.793" endtime="20220627 13:29:06.077"/>
</kw>
<status status="PASS" starttime="20220627 13:28:56.177" endtime="20220627 13:29:06.078"/>
</test>
<test id="s1-s1-s1-t4" name="Click Jobs in navigation menu" line="23">
<kw name="Open Home Page" library="guest_home_page_resources">
<kw name="Open Browser" library="SeleniumLibrary">
<arg>browser=Chrome</arg>
<arg>url=${home_url}</arg>
<arg>remote_url=${REMOTE_URL}</arg>
<arg>desired_capabilities=${DESIRED_CAPABILITIES}</arg>
<doc>Opens a new browser instance to the optional ``url``.</doc>
<msg timestamp="20220627 13:29:06.079" level="INFO">Opening browser 'Chrome' to base url 'https://www.linkedin.com/' through remote server at 'https://oauth-skaratisoglou-2f6a3:4a3771c3-91a8-4ba7-99e7-9aeb71c68aaa@ondemand.us-west-1.saucelabs.com:443/wd/hub'.</msg>
<status status="PASS" starttime="20220627 13:29:06.079" endtime="20220627 13:29:12.009"/>
</kw>
<status status="PASS" starttime="20220627 13:29:06.078" endtime="20220627 13:29:12.009"/>
</kw>
<kw name="Click Jobs" library="guest_home_page_resources">
<kw name="Click Element" library="SeleniumLibrary">
<arg>css:${jobs}</arg>
<doc>Click the element identified by ``locator``.</doc>
<msg timestamp="20220627 13:29:12.010" level="INFO">Clicking element 'css:.top-nav-menu &gt; li:nth-child(4) &gt; a:nth-child(1)'.</msg>
<status status="PASS" starttime="20220627 13:29:12.009" endtime="20220627 13:29:15.351"/>
</kw>
<status status="PASS" starttime="20220627 13:29:12.009" endtime="20220627 13:29:15.351"/>
</kw>
<kw name="Location Should Contain" library="SeleniumLibrary">
<arg>expected=${jobs_url}</arg>
<doc>Verifies that the current URL contains ``expected``.</doc>
<msg timestamp="20220627 13:29:15.586" level="INFO">Current location contains 'https://www.linkedin.com/jobs/'.</msg>
<status status="PASS" starttime="20220627 13:29:15.351" endtime="20220627 13:29:15.586"/>
</kw>
<kw name="Close Browser" library="SeleniumLibrary">
<doc>Closes the current browser.</doc>
<status status="PASS" starttime="20220627 13:29:15.586" endtime="20220627 13:29:15.854"/>
</kw>
<status status="PASS" starttime="20220627 13:29:06.078" endtime="20220627 13:29:15.854"/>
</test>
<status status="PASS" starttime="20220627 13:28:35.185" endtime="20220627 13:29:15.855"/>
</suite>
<status status="PASS" starttime="20220627 13:28:35.183" endtime="20220627 13:29:15.856"/>
</suite>
<status status="PASS" starttime="20220627 13:28:35.170" endtime="20220627 13:29:15.857"/>
</suite>
<statistics>
<total>
<stat pass="4" fail="0" skip="0">All Tests</stat>
</total>
<tag>
</tag>
<suite>
<stat pass="4" fail="0" skip="0" id="s1" name="Tests">Tests</stat>
<stat pass="4" fail="0" skip="0" id="s1-s1" name="Guest Home Page">Tests.Guest Home Page</stat>
<stat pass="4" fail="0" skip="0" id="s1-s1-s1" name="NavigationMenuTest">Tests.Guest Home Page.NavigationMenuTest</stat>
</suite>
</statistics>
<errors>
</errors>
</robot>
