<?xml version="1.0" encoding="UTF-8"?>
<robot generator="Robot 5.0.1 (Python 3.10.5 on win32)" generated="20220619 11:45:05.597" rpa="false" schemaversion="3">
<suite id="s1" name="Tests" source="C:\Users\Steven\PycharmProjects\TestFramework\Tests">
<suite id="s1-s1" name="Test" source="C:\Users\Steven\PycharmProjects\TestFramework\Tests\Test.robot">
<test id="s1-s1-t1" name="TEST" line="10">
<kw name="Log" library="BuiltIn">
<arg>This is aa sample test case</arg>
<doc>Logs the given message with the given level.</doc>
<msg timestamp="20220619 11:45:05.625" level="TRACE">Arguments: [ 'This is aa sample test case' ]</msg>
<msg timestamp="20220619 11:45:05.625" level="INFO">This is aa sample test case</msg>
<msg timestamp="20220619 11:45:05.625" level="TRACE">Return: None</msg>
<status status="PASS" starttime="20220619 11:45:05.625" endtime="20220619 11:45:05.625"/>
</kw>
<status status="PASS" starttime="20220619 11:45:05.625" endtime="20220619 11:45:05.626"/>
</test>
<doc>This is my first test case.</doc>
<status status="PASS" starttime="20220619 11:45:05.617" endtime="20220619 11:45:05.626"/>
</suite>
<suite id="s1-s2" name="Test2" source="C:\Users\Steven\PycharmProjects\TestFramework\Tests\Test2.robot">
<test id="s1-s2-t1" name="TEST2" line="5">
<kw name="Log" library="BuiltIn">
<arg>This is my second test case</arg>
<doc>Logs the given message with the given level.</doc>
<msg timestamp="20220619 11:45:05.629" level="TRACE">Arguments: [ 'This is my second test case' ]</msg>
<msg timestamp="20220619 11:45:05.629" level="INFO">This is my second test case</msg>
<msg timestamp="20220619 11:45:05.629" level="TRACE">Return: None</msg>
<status status="PASS" starttime="20220619 11:45:05.629" endtime="20220619 11:45:05.629"/>
</kw>
<tag>demo</tag>
<status status="PASS" starttime="20220619 11:45:05.629" endtime="20220619 11:45:05.630"/>
</test>
<status status="PASS" starttime="20220619 11:45:05.627" endtime="20220619 11:45:05.630"/>
</suite>
<status status="PASS" starttime="20220619 11:45:05.599" endtime="20220619 11:45:05.631"/>
</suite>
<statistics>
<total>
<stat pass="2" fail="0" skip="0">All Tests</stat>
</total>
<tag>
<stat pass="1" fail="0" skip="0">demo</stat>
</tag>
<suite>
<stat pass="2" fail="0" skip="0" id="s1" name="Tests">Tests</stat>
<stat pass="1" fail="0" skip="0" id="s1-s1" name="Test">Tests.Test</stat>
<stat pass="1" fail="0" skip="0" id="s1-s2" name="Test2">Tests.Test2</stat>
</suite>
</statistics>
<errors>
</errors>
</robot>
